[2024-06-05 00:41:20Z INFO HostContext] No proxy settings were found based on environmental variables (http_proxy/https_proxy/HTTP_PROXY/HTTPS_PROXY)
[2024-06-05 00:41:20Z INFO HostContext] Well known directory 'Bin': 'C:\Users\jonti\Pipelines-Backend\actions-runner\bin'
[2024-06-05 00:41:20Z INFO HostContext] Well known directory 'Root': 'C:\Users\jonti\Pipelines-Backend\actions-runner'
[2024-06-05 00:41:20Z INFO HostContext] Well known config file 'Credentials': 'C:\Users\jonti\Pipelines-Backend\actions-runner\.credentials'
[2024-06-05 00:41:20Z INFO HostContext] Well known directory 'Bin': 'C:\Users\jonti\Pipelines-Backend\actions-runner\bin'
[2024-06-05 00:41:20Z INFO HostContext] Well known directory 'Root': 'C:\Users\jonti\Pipelines-Backend\actions-runner'
[2024-06-05 00:41:20Z INFO HostContext] Well known config file 'Runner': 'C:\Users\jonti\Pipelines-Backend\actions-runner\.runner'
[2024-06-05 00:41:20Z INFO Listener] Runner is built for Windows (X64) - win-x64.
[2024-06-05 00:41:20Z INFO Listener] RuntimeInformation: Microsoft Windows 10.0.22631.
[2024-06-05 00:41:20Z INFO Listener] Version: 2.316.1
[2024-06-05 00:41:20Z INFO Listener] Commit: 9ac138d10eac15c71493f004f1b1bc919ead40de
[2024-06-05 00:41:20Z INFO Listener] Culture: es-CO
[2024-06-05 00:41:20Z INFO Listener] UI Culture: es-MX
[2024-06-05 00:41:20Z INFO HostContext] Well known directory 'Bin': 'C:\Users\jonti\Pipelines-Backend\actions-runner\bin'
[2024-06-05 00:41:20Z INFO HostContext] Well known directory 'Root': 'C:\Users\jonti\Pipelines-Backend\actions-runner'
[2024-06-05 00:41:20Z INFO Listener] Validating directory permissions for: 'C:\Users\jonti\Pipelines-Backend\actions-runner'
[2024-06-05 00:41:20Z INFO CommandLineParser] Parse
[2024-06-05 00:41:20Z INFO CommandLineParser] Parsing 1 args
[2024-06-05 00:41:20Z INFO CommandLineParser] parsing argument
[2024-06-05 00:41:20Z INFO CommandLineParser] HasArgs: False
[2024-06-05 00:41:20Z INFO CommandLineParser] Adding Command: run
[2024-06-05 00:41:20Z INFO Listener] Arguments parsed
[2024-06-05 00:41:20Z INFO Runner] ExecuteCommand
[2024-06-05 00:41:20Z INFO ConfigurationStore] currentAssemblyLocation: C:\Users\jonti\Pipelines-Backend\actions-runner\bin\Runner.Listener.dll
[2024-06-05 00:41:20Z INFO HostContext] Well known directory 'Bin': 'C:\Users\jonti\Pipelines-Backend\actions-runner\bin'
[2024-06-05 00:41:20Z INFO ConfigurationStore] binPath: C:\Users\jonti\Pipelines-Backend\actions-runner\bin
[2024-06-05 00:41:20Z INFO HostContext] Well known directory 'Bin': 'C:\Users\jonti\Pipelines-Backend\actions-runner\bin'
[2024-06-05 00:41:20Z INFO HostContext] Well known directory 'Root': 'C:\Users\jonti\Pipelines-Backend\actions-runner'
[2024-06-05 00:41:20Z INFO ConfigurationStore] RootFolder: C:\Users\jonti\Pipelines-Backend\actions-runner
[2024-06-05 00:41:20Z INFO HostContext] Well known directory 'Bin': 'C:\Users\jonti\Pipelines-Backend\actions-runner\bin'
[2024-06-05 00:41:20Z INFO HostContext] Well known directory 'Root': 'C:\Users\jonti\Pipelines-Backend\actions-runner'
[2024-06-05 00:41:20Z INFO HostContext] Well known config file 'Runner': 'C:\Users\jonti\Pipelines-Backend\actions-runner\.runner'
[2024-06-05 00:41:20Z INFO ConfigurationStore] ConfigFilePath: C:\Users\jonti\Pipelines-Backend\actions-runner\.runner
[2024-06-05 00:41:20Z INFO HostContext] Well known directory 'Bin': 'C:\Users\jonti\Pipelines-Backend\actions-runner\bin'
[2024-06-05 00:41:20Z INFO HostContext] Well known directory 'Root': 'C:\Users\jonti\Pipelines-Backend\actions-runner'
[2024-06-05 00:41:20Z INFO HostContext] Well known config file 'Credentials': 'C:\Users\jonti\Pipelines-Backend\actions-runner\.credentials'
[2024-06-05 00:41:20Z INFO ConfigurationStore] CredFilePath: C:\Users\jonti\Pipelines-Backend\actions-runner\.credentials
[2024-06-05 00:41:20Z INFO HostContext] Well known directory 'Bin': 'C:\Users\jonti\Pipelines-Backend\actions-runner\bin'
[2024-06-05 00:41:20Z INFO HostContext] Well known directory 'Root': 'C:\Users\jonti\Pipelines-Backend\actions-runner'
[2024-06-05 00:41:20Z INFO HostContext] Well known config file 'MigratedCredentials': 'C:\Users\jonti\Pipelines-Backend\actions-runner\.credentials_migrated'
[2024-06-05 00:41:20Z INFO ConfigurationStore] MigratedCredFilePath: C:\Users\jonti\Pipelines-Backend\actions-runner\.credentials_migrated
[2024-06-05 00:41:20Z INFO HostContext] Well known directory 'Bin': 'C:\Users\jonti\Pipelines-Backend\actions-runner\bin'
[2024-06-05 00:41:20Z INFO HostContext] Well known directory 'Root': 'C:\Users\jonti\Pipelines-Backend\actions-runner'
[2024-06-05 00:41:20Z INFO HostContext] Well known config file 'Service': 'C:\Users\jonti\Pipelines-Backend\actions-runner\.service'
[2024-06-05 00:41:20Z INFO ConfigurationStore] ServiceConfigFilePath: C:\Users\jonti\Pipelines-Backend\actions-runner\.service
[2024-06-05 00:41:20Z INFO CommandSettings] Flag 'help': 'False'
[2024-06-05 00:41:20Z INFO CommandSettings] Flag 'version': 'False'
[2024-06-05 00:41:20Z INFO CommandSettings] Flag 'commit': 'False'
[2024-06-05 00:41:20Z INFO CommandSettings] Flag 'check': 'False'
[2024-06-05 00:41:20Z INFO CommandSettings] Command 'configure': 'False'
[2024-06-05 00:41:20Z INFO CommandSettings] Command 'remove': 'False'
[2024-06-05 00:41:20Z INFO CommandSettings] Command 'warmup': 'False'
[2024-06-05 00:41:20Z INFO ConfigurationManager] LoadSettings
[2024-06-05 00:41:20Z INFO ConfigurationStore] IsConfigured()
[2024-06-05 00:41:20Z INFO ConfigurationStore] IsConfigured: True
[2024-06-05 00:41:20Z INFO ConfigurationManager] Is configured: True
[2024-06-05 00:41:20Z INFO ConfigurationStore] Read setting file: 304 chars
[2024-06-05 00:41:20Z INFO ConfigurationManager] Settings Loaded
[2024-06-05 00:41:20Z INFO ConfigurationStore] IsServiceConfigured()
[2024-06-05 00:41:20Z INFO ConfigurationStore] IsServiceConfigured: False
[2024-06-05 00:41:20Z INFO CommandSettings] Command 'run': 'True'
[2024-06-05 00:41:20Z INFO ConfigurationStore] IsConfigured()
[2024-06-05 00:41:20Z INFO ConfigurationStore] IsConfigured: True
[2024-06-05 00:41:20Z INFO ConfigurationManager] Is configured: True
[2024-06-05 00:41:20Z INFO Runner] Could not parse the argument value '' for StartupType. Defaulting to Manual
[2024-06-05 00:41:20Z INFO Runner] Set runner startup type - Manual
[2024-06-05 00:41:20Z INFO CommandSettings] Flag 'once': 'False'
[2024-06-05 00:41:20Z INFO CommandSettings] Flag 'once': 'False'
[2024-06-05 00:41:20Z INFO Runner] RunAsync
[2024-06-05 00:41:20Z INFO ConfigurationManager] LoadSettings
[2024-06-05 00:41:20Z INFO ConfigurationStore] IsConfigured()
[2024-06-05 00:41:20Z INFO ConfigurationStore] IsConfigured: True
[2024-06-05 00:41:20Z INFO ConfigurationManager] Is configured: True
[2024-06-05 00:41:20Z INFO ConfigurationManager] Settings Loaded
[2024-06-05 00:41:20Z INFO MessageListener] {
  "AgentId": 2,
  "AgentName": "JONATAN",
  "PoolId": 1,
  "PoolName": "Default",
  "ServerUrl": "https://pipelinesghubeus14.actions.githubusercontent.com/LNzJx1ECFrBMZchYh1wIX18rwmp4HcM1d8lt30kicdSyXatXxr/",
  "GitHubUrl": "https://github.com/davidxrt/pipeline-back",
  "WorkFolder": "_work"
}
[2024-06-05 00:41:20Z INFO MessageListener] Loading Credentials
[2024-06-05 00:41:20Z INFO ConfigurationStore] HasCredentials()
[2024-06-05 00:41:20Z INFO ConfigurationStore] stored True
[2024-06-05 00:41:20Z INFO CredentialManager] GetCredentialProvider
[2024-06-05 00:41:20Z INFO CredentialManager] Creating type OAuth
[2024-06-05 00:41:20Z INFO CredentialManager] Creating credential type: OAuth
[2024-06-05 00:41:20Z INFO HostContext] Well known directory 'Bin': 'C:\Users\jonti\Pipelines-Backend\actions-runner\bin'
[2024-06-05 00:41:20Z INFO HostContext] Well known directory 'Root': 'C:\Users\jonti\Pipelines-Backend\actions-runner'
[2024-06-05 00:41:20Z INFO HostContext] Well known config file 'RSACredentials': 'C:\Users\jonti\Pipelines-Backend\actions-runner\.credentials_rsaparams'
[2024-06-05 00:41:20Z INFO RSAEncryptedFileKeyManager] Loading RSA key parameters from file C:\Users\jonti\Pipelines-Backend\actions-runner\.credentials_rsaparams
[2024-06-05 00:41:20Z INFO MessageListener] Attempt to create session.
[2024-06-05 00:41:20Z INFO MessageListener] Connecting to the Runner Server...
[2024-06-05 00:41:20Z INFO RunnerServer] EstablishVssConnection
[2024-06-05 00:41:20Z INFO RunnerServer] Establish connection with 100 seconds timeout.
[2024-06-05 00:41:20Z INFO GitHubActionsService] Starting operation Location.GetConnectionData
[2024-06-05 00:41:20Z INFO RunnerServer] EstablishVssConnection
[2024-06-05 00:41:20Z INFO RunnerServer] Establish connection with 60 seconds timeout.
[2024-06-05 00:41:20Z INFO GitHubActionsService] Starting operation Location.GetConnectionData
[2024-06-05 00:41:20Z INFO RunnerServer] EstablishVssConnection
[2024-06-05 00:41:20Z INFO RunnerServer] Establish connection with 60 seconds timeout.
[2024-06-05 00:41:20Z INFO GitHubActionsService] Starting operation Location.GetConnectionData
[2024-06-05 00:41:21Z INFO GitHubActionsService] Finished operation Location.GetConnectionData
[2024-06-05 00:41:21Z INFO GitHubActionsService] Finished operation Location.GetConnectionData
[2024-06-05 00:41:22Z INFO GitHubActionsService] Finished operation Location.GetConnectionData
[2024-06-05 00:41:22Z INFO MessageListener] VssConnection created
[2024-06-05 00:41:22Z INFO Terminal] WRITE LINE: 
[2024-06-05 00:41:22Z INFO Terminal] WRITE LINE: 
[2024-06-05 00:41:22Z INFO RSAEncryptedFileKeyManager] Loading RSA key parameters from file C:\Users\jonti\Pipelines-Backend\actions-runner\.credentials_rsaparams
[2024-06-05 00:41:22Z INFO RSAEncryptedFileKeyManager] Loading RSA key parameters from file C:\Users\jonti\Pipelines-Backend\actions-runner\.credentials_rsaparams
[2024-06-05 00:41:23Z INFO GitHubActionsService] AAD Correlation ID for this token request: Unknown
[2024-06-05 00:41:23Z INFO MessageListener] Session created.
[2024-06-05 00:41:23Z INFO Terminal] WRITE LINE: Current runner version: '2.316.1'
[2024-06-05 00:41:23Z INFO Terminal] WRITE LINE: 2024-06-05 00:41:23Z: Listening for Jobs
[2024-06-05 00:41:23Z INFO JobDispatcher] Set runner/worker IPC timeout to 30 seconds.
[2024-06-05 00:49:58Z WARN GitHubActionsService] GET request to https://pipelinesghubeus14.actions.githubusercontent.com/LNzJx1ECFrBMZchYh1wIX18rwmp4HcM1d8lt30kicdSyXatXxr/_apis/distributedtask/pools/1/messages?sessionId=be195b81-5582-4f37-ab57-ee1a319fd8b0&status=Online&runnerVersion=2.316.1&os=Windows&architecture=X64&disableUpdate=false timed out after 60 seconds.
[2024-06-05 00:49:58Z ERR  MessageListener] Catch exception during get next message.
[2024-06-05 00:49:58Z ERR  MessageListener] System.TimeoutException: The HTTP request timed out after 00:01:00.
 ---> System.Threading.Tasks.TaskCanceledException: The operation was canceled.
 ---> System.IO.IOException: Unable to read data from the transport connection: La operación de E/S se anuló por una salida de subproceso o por una solicitud de aplicación..
 ---> System.Net.Sockets.SocketException (995): La operación de E/S se anuló por una salida de subproceso o por una solicitud de aplicación.
   --- End of inner exception stack trace ---
   at System.Net.Sockets.Socket.AwaitableSocketAsyncEventArgs.ThrowException(SocketError error, CancellationToken cancellationToken)
   at System.Net.Sockets.Socket.AwaitableSocketAsyncEventArgs.System.Threading.Tasks.Sources.IValueTaskSource<System.Int32>.GetResult(Int16 token)
   at System.Net.Security.SslStream.EnsureFullTlsFrameAsync[TIOAdapter](TIOAdapter adapter)
   at System.Net.Security.SslStream.ReadAsyncInternal[TIOAdapter](TIOAdapter adapter, Memory`1 buffer)
   at System.Net.Http.HttpConnection.SendAsyncCore(HttpRequestMessage request, Boolean async, CancellationToken cancellationToken)
   --- End of inner exception stack trace ---
   at System.Net.Http.HttpConnection.SendAsyncCore(HttpRequestMessage request, Boolean async, CancellationToken cancellationToken)
   at System.Net.Http.AuthenticationHelper.SendWithNtAuthAsync(HttpRequestMessage request, Uri authUri, Boolean async, ICredentials credentials, Boolean isProxyAuth, HttpConnection connection, HttpConnectionPool connectionPool, CancellationToken cancellationToken)
   at System.Net.Http.HttpConnectionPool.SendWithVersionDetectionAndRetryAsync(HttpRequestMessage request, Boolean async, Boolean doRequestAuth, CancellationToken cancellationToken)
   at System.Net.Http.AuthenticationHelper.SendWithAuthAsync(HttpRequestMessage request, Uri authUri, Boolean async, ICredentials credentials, Boolean preAuthenticate, Boolean isProxyAuth, Boolean doRequestAuth, HttpConnectionPool pool, CancellationToken cancellationToken)
   at System.Net.Http.DecompressionHandler.SendAsync(HttpRequestMessage request, Boolean async, CancellationToken cancellationToken)
   at GitHub.Services.Common.VssHttpMessageHandler.SendAsync(HttpRequestMessage request, CancellationToken cancellationToken)
   --- End of inner exception stack trace ---
   at GitHub.Services.Common.VssHttpMessageHandler.SendAsync(HttpRequestMessage request, CancellationToken cancellationToken)
   at GitHub.Services.Common.VssHttpRetryMessageHandler.SendAsync(HttpRequestMessage request, CancellationToken cancellationToken)
   at System.Net.Http.HttpClient.<SendAsync>g__Core|83_0(HttpRequestMessage request, HttpCompletionOption completionOption, CancellationTokenSource cts, Boolean disposeCts, CancellationTokenSource pendingRequestsCts, CancellationToken originalCancellationToken)
   at GitHub.Services.WebApi.VssHttpClientBase.SendAsync(HttpRequestMessage message, HttpCompletionOption completionOption, Object userState, CancellationToken cancellationToken)
   at GitHub.Services.WebApi.VssHttpClientBase.SendAsync[T](HttpRequestMessage message, Object userState, CancellationToken cancellationToken)
   at GitHub.Services.WebApi.VssHttpClientBase.SendAsync[T](HttpMethod method, IEnumerable`1 additionalHeaders, Guid locationId, Object routeValues, ApiResourceVersion version, HttpContent content, IEnumerable`1 queryParameters, Object userState, CancellationToken cancellationToken)
   at GitHub.Runner.Listener.MessageListener.GetNextMessageAsync(CancellationToken token)
[2024-06-05 00:49:58Z ERR  MessageListener] #####################################################
[2024-06-05 00:49:58Z ERR  MessageListener] System.Threading.Tasks.TaskCanceledException: The operation was canceled.
 ---> System.IO.IOException: Unable to read data from the transport connection: La operación de E/S se anuló por una salida de subproceso o por una solicitud de aplicación..
 ---> System.Net.Sockets.SocketException (995): La operación de E/S se anuló por una salida de subproceso o por una solicitud de aplicación.
   --- End of inner exception stack trace ---
   at System.Net.Sockets.Socket.AwaitableSocketAsyncEventArgs.ThrowException(SocketError error, CancellationToken cancellationToken)
   at System.Net.Sockets.Socket.AwaitableSocketAsyncEventArgs.System.Threading.Tasks.Sources.IValueTaskSource<System.Int32>.GetResult(Int16 token)
   at System.Net.Security.SslStream.EnsureFullTlsFrameAsync[TIOAdapter](TIOAdapter adapter)
   at System.Net.Security.SslStream.ReadAsyncInternal[TIOAdapter](TIOAdapter adapter, Memory`1 buffer)
   at System.Net.Http.HttpConnection.SendAsyncCore(HttpRequestMessage request, Boolean async, CancellationToken cancellationToken)
   --- End of inner exception stack trace ---
   at System.Net.Http.HttpConnection.SendAsyncCore(HttpRequestMessage request, Boolean async, CancellationToken cancellationToken)
   at System.Net.Http.AuthenticationHelper.SendWithNtAuthAsync(HttpRequestMessage request, Uri authUri, Boolean async, ICredentials credentials, Boolean isProxyAuth, HttpConnection connection, HttpConnectionPool connectionPool, CancellationToken cancellationToken)
   at System.Net.Http.HttpConnectionPool.SendWithVersionDetectionAndRetryAsync(HttpRequestMessage request, Boolean async, Boolean doRequestAuth, CancellationToken cancellationToken)
   at System.Net.Http.AuthenticationHelper.SendWithAuthAsync(HttpRequestMessage request, Uri authUri, Boolean async, ICredentials credentials, Boolean preAuthenticate, Boolean isProxyAuth, Boolean doRequestAuth, HttpConnectionPool pool, CancellationToken cancellationToken)
   at System.Net.Http.DecompressionHandler.SendAsync(HttpRequestMessage request, Boolean async, CancellationToken cancellationToken)
   at GitHub.Services.Common.VssHttpMessageHandler.SendAsync(HttpRequestMessage request, CancellationToken cancellationToken)
[2024-06-05 00:49:58Z ERR  MessageListener] #####################################################
[2024-06-05 00:49:58Z ERR  MessageListener] System.IO.IOException: Unable to read data from the transport connection: La operación de E/S se anuló por una salida de subproceso o por una solicitud de aplicación..
 ---> System.Net.Sockets.SocketException (995): La operación de E/S se anuló por una salida de subproceso o por una solicitud de aplicación.
   --- End of inner exception stack trace ---
   at System.Net.Sockets.Socket.AwaitableSocketAsyncEventArgs.ThrowException(SocketError error, CancellationToken cancellationToken)
   at System.Net.Sockets.Socket.AwaitableSocketAsyncEventArgs.System.Threading.Tasks.Sources.IValueTaskSource<System.Int32>.GetResult(Int16 token)
   at System.Net.Security.SslStream.EnsureFullTlsFrameAsync[TIOAdapter](TIOAdapter adapter)
   at System.Net.Security.SslStream.ReadAsyncInternal[TIOAdapter](TIOAdapter adapter, Memory`1 buffer)
   at System.Net.Http.HttpConnection.SendAsyncCore(HttpRequestMessage request, Boolean async, CancellationToken cancellationToken)
[2024-06-05 00:49:58Z ERR  MessageListener] #####################################################
[2024-06-05 00:49:58Z ERR  MessageListener] System.Net.Sockets.SocketException (995): La operación de E/S se anuló por una salida de subproceso o por una solicitud de aplicación.
[2024-06-05 00:49:58Z INFO MessageListener] Retriable exception: The HTTP request timed out after 00:01:00.
[2024-06-05 00:49:58Z ERR  Terminal] WRITE ERROR: 2024-06-05 00:49:58Z: Runner connect error: The HTTP request timed out after 00:01:00.. Retrying until reconnected.
[2024-06-05 00:49:58Z INFO RunnerServer] Refresh MessageQueue VssConnection to get on a different AFD node.
[2024-06-05 00:49:58Z INFO RunnerServer] EstablishVssConnection
[2024-06-05 00:49:58Z INFO RunnerServer] Establish connection with 60 seconds timeout.
[2024-06-05 00:49:58Z INFO GitHubActionsService] Starting operation Location.GetConnectionData
[2024-06-05 00:50:25Z INFO GitHubActionsService] Finished operation Location.GetConnectionData
[2024-06-05 00:50:25Z INFO MessageListener] Sleeping for 25.893 seconds before retrying.
[2024-06-05 00:51:41Z INFO Terminal] WRITE LINE: 2024-06-05 00:51:41Z: Runner reconnected.
